Loading required package: DBI
Loading required package: methods
Loading required package: rJava
Loading required package: RJDBC
Loading required package: dplyr

Attaching package: ‘dplyr’

The following objects are masked from ‘package:stats’:

    filter, lag

The following objects are masked from ‘package:base’:

    intersect, setdiff, setequal, union

# ------------------------------------ CALCULO SCORE flow (+) 20190511------------------------------------- #
log4j:WARN No appenders could be found for logger (org.apache.hive.jdbc.Utils).
log4j:WARN Please initialize the log4j system properly.
log4j:WARN See http://logging.apache.org/log4j/1.2/faq.html#noconfig for more info.
[1] TRUE
Joining, by = c("infocheck_id", "informconf_id", "pers_id", "tipo_doc_id")
Escribiendo archivo score_flow_plus_20190511.csv

Attaching package: ‘data.table’

The following objects are masked from ‘package:dplyr’:

    between, first, last

#    Start Time:2019-05-15 15:10:05	End Time: 2019-05-15 15:18:02	Total Time to complete:7.95	#

